<?xml version="1.0" encoding="UTF-8"?>
<testsuite xmlns:xsi="http://www.w3.org/2001/XMLSchema-instance" xsi:noNamespaceSchemaLocation="https://maven.apache.org/surefire/maven-surefire-plugin/xsd/surefire-test-report.xsd" name="com.prigby.AppTest" time="0.014" tests="1" errors="0" skipped="0" failures="0">
  <properties>
    <property name="java.specification.version" value="19"/>
    <property name="sun.cpu.isalist" value="amd64"/>
    <property name="sun.jnu.encoding" value="Cp1252"/>
    <property name="java.class.path" value="D:\Code\Portfolio\WeatherApp\weather-app\target\test-classes;D:\Code\Portfolio\WeatherApp\weather-app\target\classes;C:\Users\zesty\.m2\repository\junit\junit\4.11\junit-4.11.jar;C:\Users\zesty\.m2\repository\org\hamcrest\hamcrest-core\1.3\hamcrest-core-1.3.jar;C:\Users\zesty\.m2\repository\org\openjfx\javafx-controls\19\javafx-controls-19.jar;C:\Users\zesty\.m2\repository\org\openjfx\javafx-controls\19\javafx-controls-19-win.jar;C:\Users\zesty\.m2\repository\org\openjfx\javafx-graphics\19\javafx-graphics-19.jar;C:\Users\zesty\.m2\repository\org\openjfx\javafx-graphics\19\javafx-graphics-19-win.jar;C:\Users\zesty\.m2\repository\org\openjfx\javafx-base\19\javafx-base-19.jar;C:\Users\zesty\.m2\repository\org\openjfx\javafx-base\19\javafx-base-19-win.jar;C:\Users\zesty\.m2\repository\com\google\code\gson\gson\2.10.1\gson-2.10.1.jar;"/>
    <property name="java.vm.vendor" value="Oracle Corporation"/>
    <property name="sun.arch.data.model" value="64"/>
    <property name="user.variant" value=""/>
    <property name="java.vendor.url" value="https://java.oracle.com/"/>
    <property name="user.timezone" value="America/Denver"/>
    <property name="os.name" value="Windows 11"/>
    <property name="java.vm.specification.version" value="19"/>
    <property name="sun.java.launcher" value="SUN_STANDARD"/>
    <property name="user.country" value="US"/>
    <property name="sun.boot.library.path" value="C:\DevKit\JDK\jdk-19.0.1\bin"/>
    <property name="sun.java.command" value="C:\Users\zesty\AppData\Local\Temp\surefire12431276103892788082\surefirebooter13383036398560966373.jar C:\Users\zesty\AppData\Local\Temp\surefire12431276103892788082 2023-04-10T23-54-10_717-jvmRun1 surefire12888556736381183549tmp surefire_04365534207360601819tmp"/>
    <property name="jdk.debug" value="release"/>
    <property name="surefire.test.class.path" value="D:\Code\Portfolio\WeatherApp\weather-app\target\test-classes;D:\Code\Portfolio\WeatherApp\weather-app\target\classes;C:\Users\zesty\.m2\repository\junit\junit\4.11\junit-4.11.jar;C:\Users\zesty\.m2\repository\org\hamcrest\hamcrest-core\1.3\hamcrest-core-1.3.jar;C:\Users\zesty\.m2\repository\org\openjfx\javafx-controls\19\javafx-controls-19.jar;C:\Users\zesty\.m2\repository\org\openjfx\javafx-controls\19\javafx-controls-19-win.jar;C:\Users\zesty\.m2\repository\org\openjfx\javafx-graphics\19\javafx-graphics-19.jar;C:\Users\zesty\.m2\repository\org\openjfx\javafx-graphics\19\javafx-graphics-19-win.jar;C:\Users\zesty\.m2\repository\org\openjfx\javafx-base\19\javafx-base-19.jar;C:\Users\zesty\.m2\repository\org\openjfx\javafx-base\19\javafx-base-19-win.jar;C:\Users\zesty\.m2\repository\com\google\code\gson\gson\2.10.1\gson-2.10.1.jar;"/>
    <property name="sun.cpu.endian" value="little"/>
    <property name="user.home" value="C:\Users\zesty"/>
    <property name="user.language" value="en"/>
    <property name="java.specification.vendor" value="Oracle Corporation"/>
    <property name="java.version.date" value="2022-10-18"/>
    <property name="java.home" value="C:\DevKit\JDK\jdk-19.0.1"/>
    <property name="file.separator" value="\"/>
    <property name="basedir" value="D:\Code\Portfolio\WeatherApp\weather-app"/>
    <property name="java.vm.compressedOopsMode" value="Zero based"/>
    <property name="line.separator" value="&#10;"/>
    <property name="java.vm.specification.vendor" value="Oracle Corporation"/>
    <property name="java.specification.name" value="Java Platform API Specification"/>
    <property name="surefire.real.class.path" value="C:\Users\zesty\AppData\Local\Temp\surefire12431276103892788082\surefirebooter13383036398560966373.jar"/>
    <property name="user.script" value=""/>
    <property name="sun.management.compiler" value="HotSpot 64-Bit Tiered Compilers"/>
    <property name="java.runtime.version" value="19.0.1+10-21"/>
    <property name="user.name" value="zesty"/>
    <property name="stdout.encoding" value="Cp1252"/>
    <property name="path.separator" value=";"/>
    <property name="os.version" value="10.0"/>
    <property name="java.runtime.name" value="Java(TM) SE Runtime Environment"/>
    <property name="file.encoding" value="UTF-8"/>
    <property name="java.vm.name" value="Java HotSpot(TM) 64-Bit Server VM"/>
    <property name="localRepository" value="C:\Users\zesty\.m2\repository"/>
    <property name="java.vendor.url.bug" value="https://bugreport.java.com/bugreport/"/>
    <property name="java.io.tmpdir" value="C:\Users\zesty\AppData\Local\Temp\"/>
    <property name="java.version" value="19.0.1"/>
    <property name="user.dir" value="D:\Code\Portfolio\WeatherApp\weather-app"/>
    <property name="os.arch" value="amd64"/>
    <property name="java.vm.specification.name" value="Java Virtual Machine Specification"/>
    <property name="sun.os.patch.level" value=""/>
    <property name="native.encoding" value="Cp1252"/>
    <property name="java.library.path" value="C:\DevKit\JDK\jdk-19.0.1\bin;C:\WINDOWS\Sun\Java\bin;C:\WINDOWS\system32;C:\WINDOWS;C:\WINDOWS\system32;C:\WINDOWS;C:\WINDOWS\System32\Wbem;C:\WINDOWS\System32\WindowsPowerShell\v1.0\;C:\WINDOWS\System32\OpenSSH\;C:\Program Files\Neovim\bin;C:\Program Files\dotnet\;C:\DevKit\JDK\jdk-19.0.1\bin;C:\DevKit\JDK\apache-maven-3.8.7\bin;C:\DevKit\JDK\javafx-sdk-19\bin;C:\Program Files\Git\cmd;C:\Program Files\nodejs\;C:\Users\zesty\AppData\Local\Microsoft\WindowsApps;;C:\DevKit\Microsoft VS Code\bin;C:\Users\zesty\AppData\Local\Programs\oh-my-posh\bin;C:\Users\zesty\AppData\Roaming\npm;."/>
    <property name="java.vm.info" value="mixed mode, sharing"/>
    <property name="stderr.encoding" value="Cp1252"/>
    <property name="java.vendor" value="Oracle Corporation"/>
    <property name="java.vm.version" value="19.0.1+10-21"/>
    <property name="sun.io.unicode.encoding" value="UnicodeLittle"/>
    <property name="java.class.version" value="63.0"/>
  </properties>
  <testcase name="shouldAnswerWithTrue" classname="com.prigby.AppTest" time="0"/>
</testsuite>